🚀 [Step 1] Loading '실무보감_전철전력_요약.md'...
✂️  [Step 2] Chunking document...
Created 24 chunks.
🧠 [Step 3] Initializing Embedding Model (huggingface/all-MiniLM-L6-v2)...
🗄️  [Step 4] Building FAISS Vector Index...

✅ Verification Complete: RAG Indexing successful!
--------------------------------------------------

❓ 질의 (Query): 품질관리계획서는 계약 후 며칠 이내에 제출해야 하나요?
💡 AI 유사도 검색 결과:
| 단계 | 추진 내용 | 시행 주체 | 시기 |
|------|-----------|----------|------|
| **계획** | **발주계획 수립** | 주관본부 총괄부서 | 전년도 12월 중 |
| | - 철도건설사업 필요 용역 발주계획 수립 | | |
| | **발주서 작성** | 주관부서 | 착수 2개월 전 |
| | - 용역과업지시서, 예산내역서, 총사업비 조정확인 | | |
| | **사전규격공개** | 계약부서 또는 사업부서 | 착수 1.5개월 전 (5일간) |
| | - 용역과업지시서 등 계약상대자 과업내용 공개 | | |
| | **시행방침 및 일상감사** | 주관부서 / 감사실 | 착수 1.5개월 전 |
| | - 기본계획 등 전 단계 결과 반영, 발주방침 수립 | | |
| | - 일상감사 통한 사업비 적정성 검토 | | |
| | **발주의뢰** | 주관부서 | |
| | - 사업추진일정 및 발주계획 고려 발주요청 | | |
--------------------------------------------------

❓ 질의 (Query): 전차선로 고속선 장력 기준은 무엇인가요?
💡 AI 유사도 검색 결과:
**2. 준공 및 인수인계**

**준공도서 관리**
- 준공도서이관계획: 준공검사 3개월 전
- 도면전산화 검토: 준공검사 3개월 전
- 예비준공검사: 준공검사 1개월 전
- 준공도면 승인: 준공검사 1개월 전

**준공검사 및 자산 인수**
- 준공검사 시행: 준공검사 요청 시
- 준공금 지급: 준공검사 후 3일 이내
- 자산취득: 준공 후 3개월 이내
- 시설물 인수인계: 준공 후 3개월 이내
- 준공도서 이관: 준공 후 3개월 이내

---

## 핵심 설계 기준 및 규정

실무보감에는 다음과 같은 전철전력 설계 기준이 포함되어 있습니다:
--------------------------------------------------

❓ 질의 (Query): 실무보감이 가진 한계점은 어떤 것들이 있나요?
💡 AI 유사도 검색 결과:
| | | 예비준공검사 | 준공검사 1개월 전 | - |
| | | 준공도면 승인 | 준공검사 1개월 전 | - |
| | | 준공검사 시행 | 준공검사 요청 시 | - |
| | | 준공금 지급 | 준공검사 후 3일 이내 | - |
| | 인수인계 | 자산취득 | 준공 후 3개월 이내 | - |
| | | 시설물 인수인계 | 준공 후 3개월 이내 | - |
| | | 준공도서 이관 | 준공 후 3개월 이내 | - |
--------------------------------------------------
